The system is: Windows - 10.0.18362 - AMD64
Compiling the C compiler identification source file "CMakeCCompilerId.c" succeeded.
Compiler: C:/Program Files (x86)/Microsoft Visual Studio/2019/Community/VC/Tools/MSVC/14.24.28314/bin/HostX64/x64/cl.exe 
Build flags: 
Id flags:  

The output was:
0
用于 x64 的 Microsoft (R) C/C++ 优化编译器 19.24.28316 版
版权所有(C) Microsoft Corporation。保留所有权利。

CMakeCCompilerId.c
Microsoft (R) Incremental Linker Version 14.24.28316.0
Copyright (C) Microsoft Corporation.  All rights reserved.

/out:CMakeCCompilerId.exe 
CMakeCCompilerId.obj 


Compilation of the C compiler identification source "CMakeCCompilerId.c" produced "CMakeCCompilerId.exe"

Compilation of the C compiler identification source "CMakeCCompilerId.c" produced "CMakeCCompilerId.obj"

The C compiler identification is MSVC, found in "F:/10.view/9.激光雷达运动畸变去除/LaserUndistortion/out/build/x64-Debug/CMakeFiles/3.15.19101501-MSVC_2/CompilerIdC/CMakeCCompilerId.exe"

Compiling the CXX compiler identification source file "CMakeCXXCompilerId.cpp" succeeded.
Compiler: C:/Program Files (x86)/Microsoft Visual Studio/2019/Community/VC/Tools/MSVC/14.24.28314/bin/HostX64/x64/cl.exe 
Build flags: 
Id flags:  

The output was:
0
用于 x64 的 Microsoft (R) C/C++ 优化编译器 19.24.28316 版
版权所有(C) Microsoft Corporation。保留所有权利。

CMakeCXXCompilerId.cpp
Microsoft (R) Incremental Linker Version 14.24.28316.0
Copyright (C) Microsoft Corporation.  All rights reserved.

/out:CMakeCXXCompilerId.exe 
CMakeCXXCompilerId.obj 


Compilation of the CXX compiler identification source "CMakeCXXCompilerId.cpp" produced "CMakeCXXCompilerId.exe"

Compilation of the CXX compiler identification source "CMakeCXXCompilerId.cpp" produced "CMakeCXXCompilerId.obj"

The CXX compiler identification is MSVC, found in "F:/10.view/9.激光雷达运动畸变去除/LaserUndistortion/out/build/x64-Debug/CMakeFiles/3.15.19101501-MSVC_2/CompilerIdCXX/CMakeCXXCompilerId.exe"

Determining if the C compiler works passed with the following output:
Change Dir: F:/10.view/9.激光雷达运动畸变去除/LaserUndistortion/out/build/x64-Debug/CMakeFiles/CMakeTmp

Run Build Command(s):C:/Program Files (x86)/Microsoft Visual Studio/2019/Community/Common7/IDE/CommonExtensions/Microsoft/CMake/Ninja/ninja.exe cmTC_25b0a && [1/2] Building C object CMakeFiles\cmTC_25b0a.dir\testCCompiler.c.obj
[2/2] Linking C executable cmTC_25b0a.exe



Detecting C compiler ABI info compiled with the following output:
Change Dir: F:/10.view/9.激光雷达运动畸变去除/LaserUndistortion/out/build/x64-Debug/CMakeFiles/CMakeTmp

Run Build Command(s):C:/Program Files (x86)/Microsoft Visual Studio/2019/Community/Common7/IDE/CommonExtensions/Microsoft/CMake/Ninja/ninja.exe cmTC_4216c && [1/2] Building C object CMakeFiles\cmTC_4216c.dir\CMakeCCompilerABI.c.obj
[2/2] Linking C executable cmTC_4216c.exe



Determining if the CXX compiler works passed with the following output:
Change Dir: F:/10.view/9.激光雷达运动畸变去除/LaserUndistortion/out/build/x64-Debug/CMakeFiles/CMakeTmp

Run Build Command(s):C:/Program Files (x86)/Microsoft Visual Studio/2019/Community/Common7/IDE/CommonExtensions/Microsoft/CMake/Ninja/ninja.exe cmTC_6ac34 && [1/2] Building CXX object CMakeFiles\cmTC_6ac34.dir\testCXXCompiler.cxx.obj
[2/2] Linking CXX executable cmTC_6ac34.exe



Detecting CXX compiler ABI info compiled with the following output:
Change Dir: F:/10.view/9.激光雷达运动畸变去除/LaserUndistortion/out/build/x64-Debug/CMakeFiles/CMakeTmp

Run Build Command(s):C:/Program Files (x86)/Microsoft Visual Studio/2019/Community/Common7/IDE/CommonExtensions/Microsoft/CMake/Ninja/ninja.exe cmTC_e6e3b && [1/2] Building CXX object CMakeFiles\cmTC_e6e3b.dir\CMakeCXXCompilerABI.cpp.obj
[2/2] Linking CXX executable cmTC_e6e3b.exe



